<?xml version="1.0" encoding="UTF-8"?>
<!-- Generated by org.testng.reporters.JUnitReportReporter -->
<testsuite hostname="DESKTOP-UMBC6TR" failures="0" tests="1" name="testScripts.VerifysuccessMassage" time="1.796" errors="0" timestamp="2024-01-09T21:19:40 CST" skipped="0">
  <testcase classname="testScripts.VerifysuccessMassage" name="verMsg" time="1.796"/>
  <system-out/>
</testsuite> <!-- testScripts.VerifysuccessMassage -->
