<?xml version="1.0" encoding="UTF-8"?>
<!-- Generated by org.testng.reporters.JUnitReportReporter -->
<testsuite hostname="DESKTOP-UMBC6TR" failures="0" tests="1" name="testScripts.BaseTest" time="4.095" errors="0" timestamp="2024-01-08T20:31:07 CST" skipped="0">
  <testcase classname="testScripts.BaseTest" name="lounchBrowser" time="4.095"/>
  <system-out/>
</testsuite> <!-- testScripts.BaseTest -->
