<?xml version="1.0" encoding="UTF-8"?>
<!-- Generated by org.testng.reporters.JUnitReportReporter -->
<testsuite hostname="DESKTOP-UMBC6TR" failures="0" tests="1" name="testScriptsScenario2.RunTestCase" time="0.365" errors="0" timestamp="2024-01-09T22:30:26 CST" skipped="0">
  <testcase classname="testScriptsScenario2.RunTestCase" name="RunT" time="0.365"/>
  <system-out/>
</testsuite> <!-- testScriptsScenario2.RunTestCase -->
