<?xml version="1.0" encoding="UTF-8"?>
<!-- Generated by org.testng.reporters.JUnitReportReporter -->
<testsuite hostname="DESKTOP-UMBC6TR" failures="0" tests="3" name="sauce.scenarios.testscripts.RunTest5" time="2.339" errors="0" timestamp="2024-01-30T22:24:12 CST" skipped="0">
  <testcase classname="sauce.scenarios.testscripts.RunTest5" name="verifyText" time="1.073"/>
  <system-out/>
  <testcase classname="sauce.scenarios.testscripts.RunTest5" name="verifyItem" time="0.593"/>
  <system-out/>
  <testcase classname="sauce.scenarios.testscripts.RunTest5" name="verifySuccessMsg" time="0.673"/>
  <system-out/>
</testsuite> <!-- sauce.scenarios.testscripts.RunTest5 -->
