<?xml version="1.0" encoding="UTF-8"?>
<!-- Generated by org.testng.reporters.JUnitReportReporter -->
<testsuite hostname="DESKTOP-UMBC6TR" failures="0" tests="1" name="sauce.scenarios.testscripts.VrifySuccessMessageScen1" time="1.773" errors="0" timestamp="2024-01-30T22:24:12 CST" skipped="0">
  <testcase classname="sauce.scenarios.testscripts.VrifySuccessMessageScen1" name="vrify" time="1.773"/>
  <system-out/>
</testsuite> <!-- sauce.scenarios.testscripts.VrifySuccessMessageScen1 -->
