<?xml version="1.0" encoding="UTF-8"?>
<!-- Generated by org.testng.reporters.JUnitReportReporter -->
<testsuite hostname="DESKTOP-UMBC6TR" failures="0" tests="1" name="tesScriptScenario3.RunTestScinario3" time="1.294" errors="0" timestamp="2024-01-10T22:19:35 CST" skipped="0">
  <testcase classname="tesScriptScenario3.RunTestScinario3" name="runTst" time="1.294"/>
  <system-out/>
</testsuite> <!-- tesScriptScenario3.RunTestScinario3 -->
