<?xml version="1.0" encoding="UTF-8"?>
<!-- Generated by org.testng.reporters.JUnitReportReporter -->
<testsuite hostname="DESKTOP-UMBC6TR" failures="0" tests="1" name="sauce.scenarios.testscripts.RunTest" time="2.400" errors="0" timestamp="2024-01-30T22:24:12 CST" skipped="0">
  <testcase classname="sauce.scenarios.testscripts.RunTest" name="virfiErorrMsg3" time="2.400"/>
  <system-out/>
</testsuite> <!-- sauce.scenarios.testscripts.RunTest -->
